  symbol_table.cpp
C:\Users\Giacomo\source\repos\VisualStudioNapeir\Coursework2\Coursework2\symbol_table.cpp(39,20): warning C4018: '<': signed/unsigned mismatch
C:\Users\Giacomo\source\repos\VisualStudioNapeir\Coursework2\Coursework2\symbol_table.cpp(40,21): warning C4018: '<': signed/unsigned mismatch
C:\Users\Giacomo\source\repos\VisualStudioNapeir\Coursework2\Coursework2\symbol_table.cpp(43,10): warning C4018: '<': signed/unsigned mismatch
C:\Users\Giacomo\source\repos\VisualStudioNapeir\Coursework2\Coursework2\symbol_table.cpp(48,11): warning C4018: '<': signed/unsigned mismatch
C:\Users\Giacomo\source\repos\VisualStudioNapeir\Coursework2\Coursework2\symbol_table.cpp(58,10): warning C4018: '<': signed/unsigned mismatch
C:\Users\Giacomo\source\repos\VisualStudioNapeir\Coursework2\Coursework2\symbol_table.cpp(90,20): warning C4018: '<': signed/unsigned mismatch
C:\Users\Giacomo\source\repos\VisualStudioNapeir\Coursework2\Coursework2\symbol_table.cpp(94,21): warning C4018: '<': signed/unsigned mismatch
C:\Users\Giacomo\source\repos\VisualStudioNapeir\Coursework2\Coursework2\symbol_table.cpp(97,22): warning C4018: '<': signed/unsigned mismatch
C:\Users\Giacomo\source\repos\VisualStudioNapeir\Coursework2\Coursework2\symbol_table.cpp(110,10): warning C4018: '<': signed/unsigned mismatch
C:\Users\Giacomo\source\repos\VisualStudioNapeir\Coursework2\Coursework2\symbol_table.cpp(134,24): warning C4018: '<': signed/unsigned mismatch
C:\Users\Giacomo\source\repos\VisualStudioNapeir\Coursework2\Coursework2\symbol_table.cpp(174,23): warning C4553: '==': result of expression not used; did you intend '='?
C:\Users\Giacomo\source\repos\VisualStudioNapeir\Coursework2\Coursework2\symbol_table.cpp(185,22): warning C4018: '<': signed/unsigned mismatch
C:\Users\Giacomo\source\repos\VisualStudioNapeir\Coursework2\Coursework2\symbol_table.cpp(213,23): warning C4018: '<': signed/unsigned mismatch
C:\Users\Giacomo\source\repos\VisualStudioNapeir\Coursework2\Coursework2\symbol_table.cpp(236,20): warning C4018: '<': signed/unsigned mismatch
C:\Users\Giacomo\source\repos\VisualStudioNapeir\Coursework2\Coursework2\symbol_table.cpp(268,20): warning C4018: '<': signed/unsigned mismatch
C:\Users\Giacomo\source\repos\VisualStudioNapeir\Coursework2\Coursework2\symbol_table.cpp(274,21): warning C4018: '<': signed/unsigned mismatch
C:\Users\Giacomo\source\repos\VisualStudioNapeir\Coursework2\Coursework2\symbol_table.cpp(277,22): warning C4018: '<': signed/unsigned mismatch
C:\Users\Giacomo\source\repos\VisualStudioNapeir\Coursework2\Coursework2\symbol_table.cpp(290,10): warning C4018: '<': signed/unsigned mismatch
C:\Users\Giacomo\source\repos\VisualStudioNapeir\Coursework2\Coursework2\symbol_table.cpp(314,24): warning C4018: '<': signed/unsigned mismatch
C:\Users\Giacomo\source\repos\VisualStudioNapeir\Coursework2\Coursework2\symbol_table.cpp(354,23): warning C4553: '==': result of expression not used; did you intend '='?
C:\Users\Giacomo\source\repos\VisualStudioNapeir\Coursework2\Coursework2\symbol_table.cpp(365,22): warning C4018: '<': signed/unsigned mismatch
C:\Users\Giacomo\source\repos\VisualStudioNapeir\Coursework2\Coursework2\symbol_table.cpp(393,23): warning C4018: '<': signed/unsigned mismatch
C:\Users\Giacomo\source\repos\VisualStudioNapeir\Coursework2\Coursework2\symbol_table.cpp(416,20): warning C4018: '<': signed/unsigned mismatch
symbol_table.obj : error LNK2019: unresolved external symbol "public: __thiscall BinaryTree::BinaryTree(void)" (??0BinaryTree@@QAE@XZ) referenced in function "void __cdecl writeOutputFileUsingBST(class std::vector<class std::vector<class std::basic_string<char,struct std::char_traits<char>,class std::allocator<char> >,class std::allocator<class std::basic_string<char,struct std::char_traits<char>,class std::allocator<char> > > >,class std::allocator<class std::vector<class std::basic_string<char,struct std::char_traits<char>,class std::allocator<char> >,class std::allocator<class std::basic_string<char,struct std::char_traits<char>,class std::allocator<char> > > > > >)" (?writeOutputFileUsingBST@@YAXV?$vector@V?$vector@V?$basic_string@DU?$char_traits@D@std@@V?$allocator@D@2@@std@@V?$allocator@V?$basic_string@DU?$char_traits@D@std@@V?$allocator@D@2@@std@@@2@@std@@V?$allocator@V?$vector@V?$basic_string@DU?$char_traits@D@std@@V?$allocator@D@2@@std@@V?$allocator@V?$basic_string@DU?$char_traits@D@std@@V?$allocator@D@2@@std@@@2@@std@@@2@@std@@@Z)
symbol_table.obj : error LNK2019: unresolved external symbol "public: __thiscall BinaryTree::~BinaryTree(void)" (??1BinaryTree@@QAE@XZ) referenced in function "void __cdecl writeOutputFileUsingBST(class std::vector<class std::vector<class std::basic_string<char,struct std::char_traits<char>,class std::allocator<char> >,class std::allocator<class std::basic_string<char,struct std::char_traits<char>,class std::allocator<char> > > >,class std::allocator<class std::vector<class std::basic_string<char,struct std::char_traits<char>,class std::allocator<char> >,class std::allocator<class std::basic_string<char,struct std::char_traits<char>,class std::allocator<char> > > > > >)" (?writeOutputFileUsingBST@@YAXV?$vector@V?$vector@V?$basic_string@DU?$char_traits@D@std@@V?$allocator@D@2@@std@@V?$allocator@V?$basic_string@DU?$char_traits@D@std@@V?$allocator@D@2@@std@@@2@@std@@V?$allocator@V?$vector@V?$basic_string@DU?$char_traits@D@std@@V?$allocator@D@2@@std@@V?$allocator@V?$basic_string@DU?$char_traits@D@std@@V?$allocator@D@2@@std@@@2@@std@@@2@@std@@@Z)
symbol_table.obj : error LNK2019: unresolved external symbol "public: void __thiscall BinaryTree::insert(struct word_info &)" (?insert@BinaryTree@@QAEXAAUword_info@@@Z) referenced in function "void __cdecl writeOutputFileUsingBST(class std::vector<class std::vector<class std::basic_string<char,struct std::char_traits<char>,class std::allocator<char> >,class std::allocator<class std::basic_string<char,struct std::char_traits<char>,class std::allocator<char> > > >,class std::allocator<class std::vector<class std::basic_string<char,struct std::char_traits<char>,class std::allocator<char> >,class std::allocator<class std::basic_string<char,struct std::char_traits<char>,class std::allocator<char> > > > > >)" (?writeOutputFileUsingBST@@YAXV?$vector@V?$vector@V?$basic_string@DU?$char_traits@D@std@@V?$allocator@D@2@@std@@V?$allocator@V?$basic_string@DU?$char_traits@D@std@@V?$allocator@D@2@@std@@@2@@std@@V?$allocator@V?$vector@V?$basic_string@DU?$char_traits@D@std@@V?$allocator@D@2@@std@@V?$allocator@V?$basic_string@DU?$char_traits@D@std@@V?$allocator@D@2@@std@@@2@@std@@@2@@std@@@Z)
symbol_table.obj : error LNK2019: unresolved external symbol "public: class std::basic_string<char,struct std::char_traits<char>,class std::allocator<char> > __thiscall BinaryTree::print_tree(void)" (?print_tree@BinaryTree@@QAE?AV?$basic_string@DU?$char_traits@D@std@@V?$allocator@D@2@@std@@XZ) referenced in function "void __cdecl writeOutputFileUsingBST(class std::vector<class std::vector<class std::basic_string<char,struct std::char_traits<char>,class std::allocator<char> >,class std::allocator<class std::basic_string<char,struct std::char_traits<char>,class std::allocator<char> > > >,class std::allocator<class std::vector<class std::basic_string<char,struct std::char_traits<char>,class std::allocator<char> >,class std::allocator<class std::basic_string<char,struct std::char_traits<char>,class std::allocator<char> > > > > >)" (?writeOutputFileUsingBST@@YAXV?$vector@V?$vector@V?$basic_string@DU?$char_traits@D@std@@V?$allocator@D@2@@std@@V?$allocator@V?$basic_string@DU?$char_traits@D@std@@V?$allocator@D@2@@std@@@2@@std@@V?$allocator@V?$vector@V?$basic_string@DU?$char_traits@D@std@@V?$allocator@D@2@@std@@V?$allocator@V?$basic_string@DU?$char_traits@D@std@@V?$allocator@D@2@@std@@@2@@std@@@2@@std@@@Z)
C:\Users\Giacomo\source\repos\VisualStudioNapeir\Coursework2\Debug\Coursework2.exe : fatal error LNK1120: 4 unresolved externals
